This is pdfTeX, Version 3.141592653-2.6-1.40.27 (MiKTeX 25.3) (preloaded format=pdflatex 2025.3.31)  11 NOV 2025 21:04
entering extended mode
 \write18 enabled.
 %&-line parsing enabled.
**./Ubilava-CV.tex
(Ubilava-CV.tex
LaTeX2e <2024-11-01> patch level 2
L3 programming layer <2025-01-18>
(C:\Users\dubi7233\AppData\Local\Programs\MiKTeX\tex/latex/base\article.cls
Document Class: article 2024/06/29 v1.4n Standard LaTeX document class
(C:\Users\dubi7233\AppData\Local\Programs\MiKTeX\tex/latex/base\size10.clo
File: size10.clo 2024/06/29 v1.4n Standard LaTeX file (size option)
)
\c@part=\count196
\c@section=\count197
\c@subsection=\count198
\c@subsubsection=\count199
\c@paragraph=\count266
\c@subparagraph=\count267
\c@figure=\count268
\c@table=\count269
\abovecaptionskip=\skip49
\belowcaptionskip=\skip50
\bibindent=\dimen141
)
(resumenew.sty
(C:\Users\dubi7233\AppData\Local\Programs\MiKTeX\tex/latex/biblatex\biblatex.st
y
Package: biblatex 2024/03/21 v3.20 programmable bibliographies (PK/MW)

(C:\Users\dubi7233\AppData\Local\Programs\MiKTeX\tex/generic/pdftexcmds\pdftexc
mds.sty
Package: pdftexcmds 2020-06-27 v0.33 Utility functions of pdfTeX for LuaTeX (HO
)

(C:\Users\dubi7233\AppData\Local\Programs\MiKTeX\tex/generic/infwarerr\infwarer
r.sty
Package: infwarerr 2019/12/03 v1.5 Providing info/warning/error messages (HO)
)
(C:\Users\dubi7233\AppData\Local\Programs\MiKTeX\tex/generic/iftex\iftex.sty
Package: iftex 2024/12/12 v1.0g TeX engine tests
)
(C:\Users\dubi7233\AppData\Local\Programs\MiKTeX\tex/generic/ltxcmds\ltxcmds.st
y
Package: ltxcmds 2023-12-04 v1.26 LaTeX kernel commands for general use (HO)
)
Package pdftexcmds Info: \pdf@primitive is available.
Package pdftexcmds Info: \pdf@ifprimitive is available.
Package pdftexcmds Info: \pdfdraftmode found.
)
(C:\Users\dubi7233\AppData\Local\Programs\MiKTeX\tex/latex/etoolbox\etoolbox.st
y
Package: etoolbox 2025/02/11 v2.5l e-TeX tools for LaTeX (JAW)
\etb@tempcnta=\count270
)
(C:\Users\dubi7233\AppData\Local\Programs\MiKTeX\tex/latex/graphics\keyval.sty
Package: keyval 2022/05/29 v1.15 key=value parser (DPC)
\KV@toks@=\toks17
)
(C:\Users\dubi7233\AppData\Local\Programs\MiKTeX\tex/latex/kvoptions\kvoptions.
sty
Package: kvoptions 2022-06-15 v3.15 Key value format for package options (HO)

(C:\Users\dubi7233\AppData\Local\Programs\MiKTeX\tex/latex/kvsetkeys\kvsetkeys.
sty
Package: kvsetkeys 2022-10-05 v1.19 Key value parser (HO)
))
(C:\Users\dubi7233\AppData\Local\Programs\MiKTeX\tex/latex/logreq\logreq.sty
Package: logreq 2010/08/04 v1.0 xml request logger
\lrq@indent=\count271

(C:\Users\dubi7233\AppData\Local\Programs\MiKTeX\tex/latex/logreq\logreq.def
File: logreq.def 2010/08/04 v1.0 logreq spec v1.0
))
(C:\Users\dubi7233\AppData\Local\Programs\MiKTeX\tex/latex/base\ifthen.sty
Package: ifthen 2024/03/16 v1.1e Standard LaTeX ifthen package (DPC)
)
(C:\Users\dubi7233\AppData\Local\Programs\MiKTeX\tex/latex/url\url.sty
\Urlmuskip=\muskip17
Package: url 2013/09/16  ver 3.4  Verb mode for urls, etc.
)
\c@tabx@nest=\count272
\c@listtotal=\count273
\c@listcount=\count274
\c@liststart=\count275
\c@liststop=\count276
\c@citecount=\count277
\c@citetotal=\count278
\c@multicitecount=\count279
\c@multicitetotal=\count280
\c@instcount=\count281
\c@maxnames=\count282
\c@minnames=\count283
\c@maxitems=\count284
\c@minitems=\count285
\c@citecounter=\count286
\c@maxcitecounter=\count287
\c@savedcitecounter=\count288
\c@uniquelist=\count289
\c@uniquename=\count290
\c@refsection=\count291
\c@refsegment=\count292
\c@maxextratitle=\count293
\c@maxextratitleyear=\count294
\c@maxextraname=\count295
\c@maxextradate=\count296
\c@maxextraalpha=\count297
\c@abbrvpenalty=\count298
\c@highnamepenalty=\count299
\c@lownamepenalty=\count300
\c@maxparens=\count301
\c@parenlevel=\count302
\blx@tempcnta=\count303
\blx@tempcntb=\count304
\blx@tempcntc=\count305
\c@blx@maxsection=\count306
\blx@maxsegment@0=\count307
\blx@notetype=\count308
\blx@parenlevel@text=\count309
\blx@parenlevel@foot=\count310
\blx@sectionciteorder@0=\count311
\blx@sectionciteorderinternal@0=\count312
\blx@entrysetcounter=\count313
\blx@biblioinstance=\count314
\labelnumberwidth=\skip51
\labelalphawidth=\skip52
\biblabelsep=\skip53
\bibitemsep=\skip54
\bibnamesep=\skip55
\bibinitsep=\skip56
\bibparsep=\skip57
\bibhang=\skip58
\blx@bcfin=\read2
\blx@bcfout=\write3
\blx@langwohyphens=\language79
\c@mincomprange=\count315
\c@maxcomprange=\count316
\c@mincompwidth=\count317
Package biblatex Info: Trying to load biblatex default data model...
Package biblatex Info: ... file 'blx-dm.def' found.

(C:\Users\dubi7233\AppData\Local\Programs\MiKTeX\tex/latex/biblatex\blx-dm.def
File: blx-dm.def 2024/03/21 v3.20 biblatex datamodel (PK/MW)
)
Package biblatex Info: Trying to load biblatex bibstyle data model...
Package biblatex Info: ... file 'authoryear.dbx' not found.
Package biblatex Info: Trying to load biblatex custom data model...
Package biblatex Info: ... file 'biblatex-dm.cfg' not found.
\c@afterword=\count318
\c@savedafterword=\count319
\c@annotator=\count320
\c@savedannotator=\count321
\c@author=\count322
\c@savedauthor=\count323
\c@bookauthor=\count324
\c@savedbookauthor=\count325
\c@commentator=\count326
\c@savedcommentator=\count327
\c@editor=\count328
\c@savededitor=\count329
\c@editora=\count330
\c@savededitora=\count331
\c@editorb=\count332
\c@savededitorb=\count333
\c@editorc=\count334
\c@savededitorc=\count335
\c@foreword=\count336
\c@savedforeword=\count337
\c@holder=\count338
\c@savedholder=\count339
\c@introduction=\count340
\c@savedintroduction=\count341
\c@namea=\count342
\c@savednamea=\count343
\c@nameb=\count344
\c@savednameb=\count345
\c@namec=\count346
\c@savednamec=\count347
\c@translator=\count348
\c@savedtranslator=\count349
\c@shortauthor=\count350
\c@savedshortauthor=\count351
\c@shorteditor=\count352
\c@savedshorteditor=\count353
\c@labelname=\count354
\c@savedlabelname=\count355
\c@institution=\count356
\c@savedinstitution=\count357
\c@lista=\count358
\c@savedlista=\count359
\c@listb=\count360
\c@savedlistb=\count361
\c@listc=\count362
\c@savedlistc=\count363
\c@listd=\count364
\c@savedlistd=\count365
\c@liste=\count366
\c@savedliste=\count367
\c@listf=\count368
\c@savedlistf=\count369
\c@location=\count370
\c@savedlocation=\count371
\c@organization=\count372
\c@savedorganization=\count373
\c@origlocation=\count374
\c@savedoriglocation=\count375
\c@origpublisher=\count376
\c@savedorigpublisher=\count377
\c@publisher=\count378
\c@savedpublisher=\count379
\c@language=\count380
\c@savedlanguage=\count381
\c@origlanguage=\count382
\c@savedoriglanguage=\count383
\c@pageref=\count384
\c@savedpageref=\count385
\shorthandwidth=\skip59
\shortjournalwidth=\skip60
\shortserieswidth=\skip61
\shorttitlewidth=\skip62
\shortauthorwidth=\skip63
\shorteditorwidth=\skip64
\locallabelnumberwidth=\skip65
\locallabelalphawidth=\skip66
\localshorthandwidth=\skip67
\localshortjournalwidth=\skip68
\localshortserieswidth=\skip69
\localshorttitlewidth=\skip70
\localshortauthorwidth=\skip71
\localshorteditorwidth=\skip72
Package biblatex Info: Trying to load compatibility code...
Package biblatex Info: ... file 'blx-compat.def' found.

(C:\Users\dubi7233\AppData\Local\Programs\MiKTeX\tex/latex/biblatex\blx-compat.
def
File: blx-compat.def 2024/03/21 v3.20 biblatex compatibility (PK/MW)
)
Package biblatex Info: Trying to load generic definitions...
Package biblatex Info: ... file 'biblatex.def' found.

(C:\Users\dubi7233\AppData\Local\Programs\MiKTeX\tex/latex/biblatex\biblatex.de
f
File: biblatex.def 2024/03/21 v3.20 biblatex compatibility (PK/MW)
\c@textcitecount=\count386
\c@textcitetotal=\count387
\c@textcitemaxnames=\count388
\c@biburlbigbreakpenalty=\count389
\c@biburlbreakpenalty=\count390
\c@biburlnumpenalty=\count391
\c@biburlucpenalty=\count392
\c@biburllcpenalty=\count393
\biburlbigskip=\muskip18
\biburlnumskip=\muskip19
\biburlucskip=\muskip20
\biburllcskip=\muskip21
\c@smartand=\count394
)
Package biblatex Info: Trying to load natbib compatibility...
Package biblatex Info: ... file 'blx-natbib.def' found.

(C:\Users\dubi7233\AppData\Local\Programs\MiKTeX\tex/latex/biblatex\blx-natbib.
def
File: blx-natbib.def 2024/03/21 v3.20 biblatex compatibility (PK/MW)
Package biblatex Info: Delimiter 'nameyeardelim' in context '' already defined,
 overwriting.
)
Package biblatex Info: Trying to load bibliography style 'authoryear'...
Package biblatex Info: ... file 'authoryear.bbx' found.

(C:\Users\dubi7233\AppData\Local\Programs\MiKTeX\tex/latex/biblatex/bbx\authory
ear.bbx
File: authoryear.bbx 2024/03/21 v3.20 biblatex bibliography style (PK/MW)
Package biblatex Info: Trying to load bibliography style 'standard'...
Package biblatex Info: ... file 'standard.bbx' found.

(C:\Users\dubi7233\AppData\Local\Programs\MiKTeX\tex/latex/biblatex/bbx\standar
d.bbx
File: standard.bbx 2024/03/21 v3.20 biblatex bibliography style (PK/MW)
\c@bbx:relatedcount=\count395
\c@bbx:relatedtotal=\count396
))
Package biblatex Info: Trying to load citation style 'numeric'...
Package biblatex Info: ... file 'numeric.cbx' found.

(C:\Users\dubi7233\AppData\Local\Programs\MiKTeX\tex/latex/biblatex/cbx\numeric
.cbx
File: numeric.cbx 2024/03/21 v3.20 biblatex citation style (PK/MW)
Package biblatex Info: Redefining '\cite'.
Package biblatex Info: Redefining '\parencite'.
Package biblatex Info: Redefining '\footcite'.
Package biblatex Info: Redefining '\footcitetext'.
Package biblatex Info: Redefining '\smartcite'.
Package biblatex Info: Redefining '\supercite'.
Package biblatex Info: Redefining '\textcite'.
Package biblatex Info: Redefining '\textcites'.
Package biblatex Info: Redefining '\cites'.
Package biblatex Info: Redefining '\parencites'.
Package biblatex Info: Redefining '\smartcites'.
)
Package biblatex Info: Trying to load configuration file...
Package biblatex Info: ... file 'biblatex.cfg' found.

(C:\Users\dubi7233\AppData\Local\Programs\MiKTeX\tex/latex/biblatex\biblatex.cf
g
File: biblatex.cfg 
)
Package biblatex Info: Input encoding 'utf8' detected.
Package biblatex Info: Document encoding is UTF8 ....

(C:\Users\dubi7233\AppData\Local\Programs\MiKTeX\tex/latex/l3kernel\expl3.sty
Package: expl3 2025-01-18 L3 programming layer (loader) 

(C:\Users\dubi7233\AppData\Local\Programs\MiKTeX\tex/latex/l3backend\l3backend-
pdftex.def
File: l3backend-pdftex.def 2024-05-08 L3 backend support: PDF output (pdfTeX)
\l__color_backend_stack_int=\count397
\l__pdf_internal_box=\box52
))
Package biblatex Info: ... and expl3
(biblatex)             2025-01-18 L3 programming layer (loader) 
(biblatex)             is new enough (at least 2020/04/06),
(biblatex)             setting 'casechanger=expl3'.

(C:\Users\dubi7233\AppData\Local\Programs\MiKTeX\tex/latex/biblatex\blx-case-ex
pl3.sty
(C:\Users\dubi7233\AppData\Local\Programs\MiKTeX\tex/latex/l3packages/xparse\xp
arse.sty
Package: xparse 2024-08-16 L3 Experimental document command parser
)
Package: blx-case-expl3 2024/03/21 v3.20 expl3 case changing code for biblatex
))
(C:\Users\dubi7233\AppData\Local\Programs\MiKTeX\tex/latex/amsmath\amsmath.sty
Package: amsmath 2024/11/05 v2.17t AMS math features
\@mathmargin=\skip73

For additional information on amsmath, use the `?' option.
(C:\Users\dubi7233\AppData\Local\Programs\MiKTeX\tex/latex/amsmath\amstext.sty
Package: amstext 2021/08/26 v2.01 AMS text

(C:\Users\dubi7233\AppData\Local\Programs\MiKTeX\tex/latex/amsmath\amsgen.sty
File: amsgen.sty 1999/11/30 v2.0 generic functions
\@emptytoks=\toks18
\ex@=\dimen142
)) (C:\Users\dubi7233\AppData\Local\Programs\MiKTeX\tex/latex/amsmath\amsbsy.st
y
Package: amsbsy 1999/11/29 v1.2d Bold Symbols
\pmbraise@=\dimen143
) (C:\Users\dubi7233\AppData\Local\Programs\MiKTeX\tex/latex/amsmath\amsopn.sty
Package: amsopn 2022/04/08 v2.04 operator names
)
\inf@bad=\count398
LaTeX Info: Redefining \frac on input line 233.
\uproot@=\count399
\leftroot@=\count400
LaTeX Info: Redefining \overline on input line 398.
LaTeX Info: Redefining \colon on input line 409.
\classnum@=\count401
\DOTSCASE@=\count402
LaTeX Info: Redefining \ldots on input line 495.
LaTeX Info: Redefining \dots on input line 498.
LaTeX Info: Redefining \cdots on input line 619.
\Mathstrutbox@=\box53
\strutbox@=\box54
LaTeX Info: Redefining \big on input line 721.
LaTeX Info: Redefining \Big on input line 722.
LaTeX Info: Redefining \bigg on input line 723.
LaTeX Info: Redefining \Bigg on input line 724.
\big@size=\dimen144
LaTeX Font Info:    Redeclaring font encoding OML on input line 742.
LaTeX Font Info:    Redeclaring font encoding OMS on input line 743.
\macc@depth=\count403
LaTeX Info: Redefining \bmod on input line 904.
LaTeX Info: Redefining \pmod on input line 909.
LaTeX Info: Redefining \smash on input line 939.
LaTeX Info: Redefining \relbar on input line 969.
LaTeX Info: Redefining \Relbar on input line 970.
\c@MaxMatrixCols=\count404
\dotsspace@=\muskip22
\c@parentequation=\count405
\dspbrk@lvl=\count406
\tag@help=\toks19
\row@=\count407
\column@=\count408
\maxfields@=\count409
\andhelp@=\toks20
\eqnshift@=\dimen145
\alignsep@=\dimen146
\tagshift@=\dimen147
\tagwidth@=\dimen148
\totwidth@=\dimen149
\lineht@=\dimen150
\@envbody=\toks21
\multlinegap=\skip74
\multlinetaggap=\skip75
\mathdisplay@stack=\toks22
LaTeX Info: Redefining \[ on input line 2953.
LaTeX Info: Redefining \] on input line 2954.
)
(C:\Users\dubi7233\AppData\Local\Programs\MiKTeX\tex/latex/graphics\graphicx.st
y
Package: graphicx 2021/09/16 v1.2d Enhanced LaTeX Graphics (DPC,SPQR)

(C:\Users\dubi7233\AppData\Local\Programs\MiKTeX\tex/latex/graphics\graphics.st
y
Package: graphics 2024/08/06 v1.4g Standard LaTeX Graphics (DPC,SPQR)
 (C:\Users\dubi7233\AppData\Local\Programs\MiKTeX\tex/latex/graphics\trig.sty
Package: trig 2023/12/02 v1.11 sin cos tan (DPC)
)
(C:\Users\dubi7233\AppData\Local\Programs\MiKTeX\tex/latex/graphics-cfg\graphic
s.cfg
File: graphics.cfg 2016/06/04 v1.11 sample graphics configuration
)
Package graphics Info: Driver file: pdftex.def on input line 106.

(C:\Users\dubi7233\AppData\Local\Programs\MiKTeX\tex/latex/graphics-def\pdftex.
def
File: pdftex.def 2024/04/13 v1.2c Graphics/color driver for pdftex
))
\Gin@req@height=\dimen151
\Gin@req@width=\dimen152
)
(C:\Users\dubi7233\AppData\Local\Programs\MiKTeX\tex/latex/microtype\microtype.
sty
Package: microtype 2025/02/11 v3.2a Micro-typographical refinements (RS)
\MT@toks=\toks23
\MT@tempbox=\box55
\MT@count=\count410
LaTeX Info: Redefining \noprotrusionifhmode on input line 1087.
LaTeX Info: Redefining \leftprotrusion on input line 1088.
\MT@prot@toks=\toks24
LaTeX Info: Redefining \rightprotrusion on input line 1107.
LaTeX Info: Redefining \textls on input line 1449.
\MT@outer@kern=\dimen153
LaTeX Info: Redefining \microtypecontext on input line 2053.
LaTeX Info: Redefining \textmicrotypecontext on input line 2070.
\MT@listname@count=\count411

(C:\Users\dubi7233\AppData\Local\Programs\MiKTeX\tex/latex/microtype\microtype-
pdftex.def
File: microtype-pdftex.def 2025/02/11 v3.2a Definitions specific to pdftex (RS)

LaTeX Info: Redefining \lsstyle on input line 944.
LaTeX Info: Redefining \lslig on input line 944.
\MT@outer@space=\skip76
)
Package microtype Info: Loading configuration file microtype.cfg.

(C:\Users\dubi7233\AppData\Local\Programs\MiKTeX\tex/latex/microtype\microtype.
cfg
File: microtype.cfg 2025/02/11 v3.2a microtype main configuration file (RS)
)
LaTeX Info: Redefining \microtypesetup on input line 3065.
)
(C:\Users\dubi7233\AppData\Local\Programs\MiKTeX\tex/latex/siunitx\siunitx.sty
Package: siunitx 2025-03-26 v3.4.8 A comprehensive (SI) units package
\l__siunitx_number_uncert_offset_int=\count412
\l__siunitx_number_exponent_fixed_int=\count413
\l__siunitx_number_min_decimal_int=\count414
\l__siunitx_number_min_integer_int=\count415
\l__siunitx_number_round_precision_int=\count416
\l__siunitx_number_lower_threshold_int=\count417
\l__siunitx_number_upper_threshold_int=\count418
\l__siunitx_number_group_first_int=\count419
\l__siunitx_number_group_size_int=\count420
\l__siunitx_number_group_minimum_int=\count421
\l__siunitx_angle_tmp_dim=\dimen154
\l__siunitx_angle_marker_box=\box56
\l__siunitx_angle_unit_box=\box57
\l__siunitx_compound_count_int=\count422

(C:\Users\dubi7233\AppData\Local\Programs\MiKTeX\tex/latex/translations\transla
tions.sty
Package: translations 2022/02/05 v1.12 internationalization of LaTeX2e packages
 (CN)
)
\l__siunitx_table_tmp_box=\box58
\l__siunitx_table_tmp_dim=\dimen155
\l__siunitx_table_column_width_dim=\dimen156
\l__siunitx_table_integer_box=\box59
\l__siunitx_table_decimal_box=\box60
\l__siunitx_table_uncert_box=\box61
\l__siunitx_table_before_box=\box62
\l__siunitx_table_after_box=\box63
\l__siunitx_table_before_dim=\dimen157
\l__siunitx_table_carry_dim=\dimen158
\l__siunitx_unit_tmp_int=\count423
\l__siunitx_unit_position_int=\count424
\l__siunitx_unit_total_int=\count425

(C:\Users\dubi7233\AppData\Local\Programs\MiKTeX\tex/latex/tools\array.sty
Package: array 2024/10/17 v2.6g Tabular extension package (FMi)
\col@sep=\dimen159
\ar@mcellbox=\box64
\extrarowheight=\dimen160
\NC@list=\toks25
\extratabsurround=\skip77
\backup@length=\skip78
\ar@cellbox=\box65
))
(C:\Users\dubi7233\AppData\Local\Programs\MiKTeX\tex/latex/booktabs\booktabs.st
y
Package: booktabs 2020/01/12 v1.61803398 Publication quality tables
\heavyrulewidth=\dimen161
\lightrulewidth=\dimen162
\cmidrulewidth=\dimen163
\belowrulesep=\dimen164
\belowbottomsep=\dimen165
\aboverulesep=\dimen166
\abovetopsep=\dimen167
\cmidrulesep=\dimen168
\cmidrulekern=\dimen169
\defaultaddspace=\dimen170
\@cmidla=\count426
\@cmidlb=\count427
\@aboverulesep=\dimen171
\@belowrulesep=\dimen172
\@thisruleclass=\count428
\@lastruleclass=\count429
\@thisrulewidth=\dimen173
)
(C:\Users\dubi7233\AppData\Local\Programs\MiKTeX\tex/latex/sectsty\sectsty.sty
Package: sectsty 2002/02/25 v2.0.2 Commands to change all sectional heading sty
les


LaTeX Warning: Command \underbar  has changed.
               Check if current package is valid.


LaTeX Warning: Command \underline  has changed.
               Check if current package is valid.

)
(C:\Users\dubi7233\AppData\Local\Programs\MiKTeX\tex/latex/setspace\setspace.st
y
Package: setspace 2022/12/04 v6.7b set line spacing
) (C:\Users\dubi7233\AppData\Local\Programs\MiKTeX\tex/latex/ae\ae.sty
Package: ae 2001/02/12 1.3 Almost European Computer Modern

(C:\Users\dubi7233\AppData\Local\Programs\MiKTeX\tex/latex/base\fontenc.sty
Package: fontenc 2021/04/29 v2.0v Standard LaTeX package
))
(C:\Users\dubi7233\AppData\Local\Programs\MiKTeX\tex/latex/ae\aecompl.sty
Package: aecompl 1998/07/23 0.9 T1 Complements for AE fonts (D. Roegel)
)
(C:\Users\dubi7233\AppData\Local\Programs\MiKTeX\tex/latex/endnotes\endnotes.st
y
Package: endnotes 2020-01-02 endnotes package
\c@endnote=\count430
\endnotesep=\dimen174
\@enotes=\write4
) (C:\Users\dubi7233\AppData\Local\Programs\MiKTeX\tex/latex/lm\lmodern.sty
Package: lmodern 2015/05/01 v1.6.1 Latin Modern Fonts
LaTeX Font Info:    Overwriting symbol font `operators' in version `normal'
(Font)                  OT1/cmr/m/n --> OT1/lmr/m/n on input line 22.
LaTeX Font Info:    Overwriting symbol font `letters' in version `normal'
(Font)                  OML/cmm/m/it --> OML/lmm/m/it on input line 23.
LaTeX Font Info:    Overwriting symbol font `symbols' in version `normal'
(Font)                  OMS/cmsy/m/n --> OMS/lmsy/m/n on input line 24.
LaTeX Font Info:    Overwriting symbol font `largesymbols' in version `normal'
(Font)                  OMX/cmex/m/n --> OMX/lmex/m/n on input line 25.
LaTeX Font Info:    Overwriting symbol font `operators' in version `bold'
(Font)                  OT1/cmr/bx/n --> OT1/lmr/bx/n on input line 26.
LaTeX Font Info:    Overwriting symbol font `letters' in version `bold'
(Font)                  OML/cmm/b/it --> OML/lmm/b/it on input line 27.
LaTeX Font Info:    Overwriting symbol font `symbols' in version `bold'
(Font)                  OMS/cmsy/b/n --> OMS/lmsy/b/n on input line 28.
LaTeX Font Info:    Overwriting symbol font `largesymbols' in version `bold'
(Font)                  OMX/cmex/m/n --> OMX/lmex/m/n on input line 29.
LaTeX Font Info:    Overwriting math alphabet `\mathbf' in version `normal'
(Font)                  OT1/cmr/bx/n --> OT1/lmr/bx/n on input line 31.
LaTeX Font Info:    Overwriting math alphabet `\mathsf' in version `normal'
(Font)                  OT1/cmss/m/n --> OT1/lmss/m/n on input line 32.
LaTeX Font Info:    Overwriting math alphabet `\mathit' in version `normal'
(Font)                  OT1/cmr/m/it --> OT1/lmr/m/it on input line 33.
LaTeX Font Info:    Overwriting math alphabet `\mathtt' in version `normal'
(Font)                  OT1/cmtt/m/n --> OT1/lmtt/m/n on input line 34.
LaTeX Font Info:    Overwriting math alphabet `\mathbf' in version `bold'
(Font)                  OT1/cmr/bx/n --> OT1/lmr/bx/n on input line 35.
LaTeX Font Info:    Overwriting math alphabet `\mathsf' in version `bold'
(Font)                  OT1/cmss/bx/n --> OT1/lmss/bx/n on input line 36.
LaTeX Font Info:    Overwriting math alphabet `\mathit' in version `bold'
(Font)                  OT1/cmr/bx/it --> OT1/lmr/bx/it on input line 37.
LaTeX Font Info:    Overwriting math alphabet `\mathtt' in version `bold'
(Font)                  OT1/cmtt/m/n --> OT1/lmtt/m/n on input line 38.
)
(C:\Users\dubi7233\AppData\Local\Programs\MiKTeX\tex/latex/base\fontenc.sty
Package: fontenc 2021/04/29 v2.0v Standard LaTeX package
LaTeX Font Info:    Trying to load font information for OT1+lmr on input line 1
16.

(C:\Users\dubi7233\AppData\Local\Programs\MiKTeX\tex/latex/lm\ot1lmr.fd
File: ot1lmr.fd 2015/05/01 v1.6.1 Font defs for Latin Modern
))
(C:\Users\dubi7233\AppData\Local\Programs\MiKTeX\tex/latex/base\inputenc.sty
Package: inputenc 2024/02/08 v1.3d Input encoding file
\inpenc@prehook=\toks26
\inpenc@posthook=\toks27
)
(C:\Users\dubi7233\AppData\Local\Programs\MiKTeX\tex/latex/doublestroke\dsfont.
sty
Package: dsfont 1995/08/01 v0.1 Double stroke roman fonts
)
(C:\Users\dubi7233\AppData\Local\Programs\MiKTeX\tex/latex/enumitem\enumitem.st
y
Package: enumitem 2025/02/06 v3.11 Customized lists
\labelindent=\skip79
\enit@outerparindent=\dimen175
\enit@toks=\toks28
\enit@inbox=\box66
\enit@count@id=\count431
\enitdp@description=\count432
)
(C:\Users\dubi7233\AppData\Local\Programs\MiKTeX\tex/latex/graphics\color.sty
Package: color 2024/06/23 v1.3e Standard LaTeX Color (DPC)

(C:\Users\dubi7233\AppData\Local\Programs\MiKTeX\tex/latex/graphics-cfg\color.c
fg
File: color.cfg 2016/01/02 v1.6 sample color configuration
)
Package color Info: Driver file: pdftex.def on input line 149.

(C:\Users\dubi7233\AppData\Local\Programs\MiKTeX\tex/latex/graphics\mathcolor.l
tx))
(C:\Users\dubi7233\AppData\Local\Programs\MiKTeX\tex/generic/babel\babel.sty
Package: babel 2025/03/27 v25.6 The multilingual framework for pdfLaTeX, LuaLaT
eX and XeLaTeX
\babel@savecnt=\count433
\U@D=\dimen176
\l@unhyphenated=\language80

(C:\Users\dubi7233\AppData\Local\Programs\MiKTeX\tex/generic/babel\txtbabel.def
)
\bbl@readstream=\read3
\bbl@dirlevel=\count434

*************************************
* Local config file bblopts.cfg used
*
(C:\Users\dubi7233\AppData\Local\Programs\MiKTeX\tex/latex/arabi\bblopts.cfg
File: bblopts.cfg 2005/09/08 v0.1 add Arabic and Farsi to "declared" options of
 babel
)
(C:\Users\dubi7233\AppData\Local\Programs\MiKTeX\tex/latex/babel-english\englis
h.ldf
Language: english 2017/06/06 v3.3r English support from the babel system
Package babel Info: Hyphen rules for 'canadian' set to \l@english
(babel)             (\language0). Reported on input line 102.
Package babel Info: Hyphen rules for 'australian' set to \l@ukenglish
(babel)             (\language73). Reported on input line 105.
Package babel Info: Hyphen rules for 'newzealand' set to \l@ukenglish
(babel)             (\language73). Reported on input line 108.
))
(C:\Users\dubi7233\AppData\Local\Programs\MiKTeX\tex/generic/babel/locale/en\ba
bel-english.tex
Package babel Info: Importing font and identification data for english
(babel)             from babel-en.ini. Reported on input line 11.
)
(C:\Users\dubi7233\AppData\Local\Programs\MiKTeX\tex/latex/csquotes\csquotes.st
y
Package: csquotes 2024-04-04 v5.2o context-sensitive quotations (JAW)
\csq@reset=\count435
\csq@gtype=\count436
\csq@glevel=\count437
\csq@qlevel=\count438
\csq@maxlvl=\count439
\csq@tshold=\count440
\csq@ltx@everypar=\toks29

(C:\Users\dubi7233\AppData\Local\Programs\MiKTeX\tex/latex/csquotes\csquotes.de
f
File: csquotes.def 2024-04-04 v5.2o csquotes generic definitions (JAW)
)
Package csquotes Info: Trying to load configuration file 'csquotes.cfg'...
Package csquotes Info: ... configuration file loaded successfully.

(C:\Users\dubi7233\AppData\Local\Programs\MiKTeX\tex/latex/csquotes\csquotes.cf
g
File: csquotes.cfg 
))
(C:\Users\dubi7233\AppData\Local\Programs\MiKTeX\tex/latex/lastpage\lastpage.st
y
Package: lastpage 2025/01/27 v2.1e lastpage: 2.09 or 2e? (HMM)

(C:\Users\dubi7233\AppData\Local\Programs\MiKTeX\tex/latex/lastpage\lastpage2e.
sty
Package: lastpage2e 2025/01/27 v2.1e Decide which 2e lastpage version to use (H
MM)

(C:\Users\dubi7233\AppData\Local\Programs\MiKTeX\tex/latex/lastpage\lastpagemod
ern.sty
Package: lastpagemodern 2025-01-27 v2.1e Refers to last page's name (HMM; JPG)
\c@lastpagecount=\count441
) 
))
(C:\Users\dubi7233\AppData\Local\Programs\MiKTeX\tex/latex/geometry\geometry.st
y
Package: geometry 2020/01/02 v5.9 Page Geometry
 (C:\Users\dubi7233\AppData\Local\Programs\MiKTeX\tex/generic/iftex\ifvtex.sty
Package: ifvtex 2019/10/25 v1.7 ifvtex legacy package. Use iftex instead.
)
\Gm@cnth=\count442
\Gm@cntv=\count443
\c@Gm@tempcnt=\count444
\Gm@bindingoffset=\dimen177
\Gm@wd@mp=\dimen178
\Gm@odd@mp=\dimen179
\Gm@even@mp=\dimen180
\Gm@layoutwidth=\dimen181
\Gm@layoutheight=\dimen182
\Gm@layouthoffset=\dimen183
\Gm@layoutvoffset=\dimen184
\Gm@dimlist=\toks30

(C:\Users\dubi7233\AppData\Local\Programs\MiKTeX\tex/latex/geometry\geometry.cf
g))
(C:\Users\dubi7233\AppData\Local\Programs\MiKTeX\tex/latex/marginnote\marginnot
e.sty
Package: marginnote 2018/08/09 1.4b non floating margin notes for LaTeX
\c@mn@abspage=\count445
)
(C:\Users\dubi7233\AppData\Local\Programs\MiKTeX\tex/latex/hyperref\hyperref.st
y
Package: hyperref 2024-11-05 v7.01l Hypertext links for LaTeX

(C:\Users\dubi7233\AppData\Local\Programs\MiKTeX\tex/generic/kvdefinekeys\kvdef
inekeys.sty
Package: kvdefinekeys 2019-12-19 v1.6 Define keys (HO)
)
(C:\Users\dubi7233\AppData\Local\Programs\MiKTeX\tex/generic/pdfescape\pdfescap
e.sty
Package: pdfescape 2019/12/09 v1.15 Implements pdfTeX's escape features (HO)
)
(C:\Users\dubi7233\AppData\Local\Programs\MiKTeX\tex/latex/hycolor\hycolor.sty
Package: hycolor 2020-01-27 v1.10 Color options for hyperref/bookmark (HO)
)
(C:\Users\dubi7233\AppData\Local\Programs\MiKTeX\tex/latex/hyperref\nameref.sty
Package: nameref 2023-11-26 v2.56 Cross-referencing by name of section

(C:\Users\dubi7233\AppData\Local\Programs\MiKTeX\tex/latex/refcount\refcount.st
y
Package: refcount 2019/12/15 v3.6 Data extraction from label references (HO)
)
(C:\Users\dubi7233\AppData\Local\Programs\MiKTeX\tex/generic/gettitlestring\get
titlestring.sty
Package: gettitlestring 2019/12/15 v1.6 Cleanup title references (HO)
)
\c@section@level=\count446
)
(C:\Users\dubi7233\AppData\Local\Programs\MiKTeX\tex/generic/stringenc\stringen
c.sty
Package: stringenc 2019/11/29 v1.12 Convert strings between diff. encodings (HO
)
)
\@linkdim=\dimen185
\Hy@linkcounter=\count447
\Hy@pagecounter=\count448

(C:\Users\dubi7233\AppData\Local\Programs\MiKTeX\tex/latex/hyperref\pd1enc.def
File: pd1enc.def 2024-11-05 v7.01l Hyperref: PDFDocEncoding definition (HO)
Now handling font encoding PD1 ...
... no UTF-8 mapping file for font encoding PD1
)
(C:\Users\dubi7233\AppData\Local\Programs\MiKTeX\tex/generic/intcalc\intcalc.st
y
Package: intcalc 2019/12/15 v1.3 Expandable calculations with integers (HO)
)
\Hy@SavedSpaceFactor=\count449

(C:\Users\dubi7233\AppData\Local\Programs\MiKTeX\tex/latex/hyperref\puenc.def
File: puenc.def 2024-11-05 v7.01l Hyperref: PDF Unicode definition (HO)
Now handling font encoding PU ...
... no UTF-8 mapping file for font encoding PU
)
Package hyperref Info: Option `pdfdisplaydoctitle' set `true' on input line 404
0.
Package hyperref Info: Option `colorlinks' set `true' on input line 4040.
Package hyperref Info: Hyper figures OFF on input line 4157.
Package hyperref Info: Link nesting OFF on input line 4162.
Package hyperref Info: Hyper index ON on input line 4165.
Package hyperref Info: Plain pages OFF on input line 4172.
Package hyperref Info: Backreferencing OFF on input line 4177.
Package hyperref Info: Implicit mode ON; LaTeX internals redefined.
Package hyperref Info: Bookmarks ON on input line 4424.
\c@Hy@tempcnt=\count450
LaTeX Info: Redefining \url on input line 4763.
\XeTeXLinkMargin=\dimen186

(C:\Users\dubi7233\AppData\Local\Programs\MiKTeX\tex/generic/bitset\bitset.sty
Package: bitset 2019/12/09 v1.3 Handle bit-vector datatype (HO)

(C:\Users\dubi7233\AppData\Local\Programs\MiKTeX\tex/generic/bigintcalc\bigintc
alc.sty
Package: bigintcalc 2019/12/15 v1.5 Expandable calculations on big integers (HO
)
))
\Fld@menulength=\count451
\Field@Width=\dimen187
\Fld@charsize=\dimen188
Package hyperref Info: Hyper figures OFF on input line 6042.
Package hyperref Info: Link nesting OFF on input line 6047.
Package hyperref Info: Hyper index ON on input line 6050.
Package hyperref Info: backreferencing OFF on input line 6057.
Package hyperref Info: Link coloring ON on input line 6060.
Package hyperref Info: Link coloring with OCG OFF on input line 6067.
Package hyperref Info: PDF/A mode OFF on input line 6072.

(C:\Users\dubi7233\AppData\Local\Programs\MiKTeX\tex/latex/base\atbegshi-ltx.st
y
Package: atbegshi-ltx 2021/01/10 v1.0c Emulation of the original atbegshi
package with kernel methods
)
\Hy@abspage=\count452
\c@Item=\count453
\c@Hfootnote=\count454
)
Package hyperref Info: Driver (autodetected): hpdftex.

(C:\Users\dubi7233\AppData\Local\Programs\MiKTeX\tex/latex/hyperref\hpdftex.def
File: hpdftex.def 2024-11-05 v7.01l Hyperref driver for pdfTeX

(C:\Users\dubi7233\AppData\Local\Programs\MiKTeX\tex/latex/base\atveryend-ltx.s
ty
Package: atveryend-ltx 2020/08/19 v1.0a Emulation of the original atveryend pac
kage
with kernel methods
)
\Fld@listcount=\count455
\c@bookmark@seq@number=\count456

(C:\Users\dubi7233\AppData\Local\Programs\MiKTeX\tex/latex/rerunfilecheck\rerun
filecheck.sty
Package: rerunfilecheck 2022-07-10 v1.10 Rerun checks for auxiliary files (HO)

(C:\Users\dubi7233\AppData\Local\Programs\MiKTeX\tex/generic/uniquecounter\uniq
uecounter.sty
Package: uniquecounter 2019/12/15 v1.4 Provide unlimited unique counter (HO)
)
Package uniquecounter Info: New unique counter `rerunfilecheck' on input line 2
85.
)
\Hy@SectionHShift=\skip80
)
(C:\Users\dubi7233\AppData\Local\Programs\MiKTeX\tex/latex/cleveref\cleveref.st
y
Package: cleveref 2018/03/27 v0.21.4 Intelligent cross-referencing
Package cleveref Info: `hyperref' support loaded on input line 2370.
LaTeX Info: Redefining \cref on input line 2370.
LaTeX Info: Redefining \Cref on input line 2370.
LaTeX Info: Redefining \crefrange on input line 2370.
LaTeX Info: Redefining \Crefrange on input line 2370.
LaTeX Info: Redefining \cpageref on input line 2370.
LaTeX Info: Redefining \Cpageref on input line 2370.
LaTeX Info: Redefining \cpagerefrange on input line 2370.
LaTeX Info: Redefining \Cpagerefrange on input line 2370.
LaTeX Info: Redefining \labelcref on input line 2370.
LaTeX Info: Redefining \labelcpageref on input line 2370.
)
(C:\Users\dubi7233\AppData\Local\Programs\MiKTeX\tex/latex/datetime\datetime.st
y
Package: datetime 2015/03/20 v2.60 Date Time Package

(C:\Users\dubi7233\AppData\Local\Programs\MiKTeX\tex/latex/fmtcount\fmtcount.st
y
Package: fmtcount 2025/02/09 v3.10 Displaying the values of LaTeX counters (NT,
VB,NE)

(C:\Users\dubi7233\AppData\Local\Programs\MiKTeX\tex/latex/xkeyval\xkeyval.sty
Package: xkeyval 2022/06/16 v2.9 package option processing (HA)

(C:\Users\dubi7233\AppData\Local\Programs\MiKTeX\tex/generic/xkeyval\xkeyval.te
x
(C:\Users\dubi7233\AppData\Local\Programs\MiKTeX\tex/generic/xkeyval\xkvutils.t
ex
\XKV@toks=\toks31
\XKV@tempa@toks=\toks32
)
\XKV@depth=\count457
File: xkeyval.tex 2014/12/03 v2.7a key=value parser (HA)
))
(C:\Users\dubi7233\AppData\Local\Programs\MiKTeX\tex/latex/fmtcount\fcprefix.st
y
Package: fcprefix 2012/09/28

(C:\Users\dubi7233\AppData\Local\Programs\MiKTeX\tex/latex/fmtcount\fcnumparser
.sty
Package: fcnumparser 2017/06/15
\fc@digit@counter=\count458
))
\c@padzeroesN=\count459
\fc@tmpcatcode=\count460

(C:\Users\dubi7233\AppData\Local\Programs\MiKTeX\tex/latex/fmtcount\fc-english.
def
File: fc-english.def 2016/01/12
)
\@DT@modctr=\count461
\@ordinalctr=\count462
\@orgargctr=\count463
\@strctr=\count464
\@tmpstrctr=\count465
\@DT@loopN=\count466
\@DT@X=\count467
)
(C:\Users\dubi7233\AppData\Local\Programs\MiKTeX\tex/latex/datetime\datetime-de
faults.sty
Package: datetime-defaults 2013/09/10
)
\@day=\count468
\@month=\count469
\@year=\count470
\c@HOUR=\count471
\c@HOURXII=\count472
\c@MINUTE=\count473
\c@TOHOUR=\count474
\c@TOMINUTE=\count475
\c@SECOND=\count476
\currenthour=\count477
\currentminute=\count478
\currentsecond=\count479
Package datetime Info: No datetime.cfg file found, using default settings on in
put line 308.
\@dtctr=\count480
\dayofyear=\count481
\dayofweek=\count482
LaTeX Info: Redefining \today on input line 736.
\dt@a=\toks33
\dt@b=\toks34
)
(C:\Users\dubi7233\AppData\Local\Programs\MiKTeX\tex/latex/fancyhdr\fancyhdr.st
y
Package: fancyhdr 2025/02/07 v5.2 Extensive control of page headers and footers

\f@nch@headwidth=\skip81
\f@nch@offset@elh=\skip82
\f@nch@offset@erh=\skip83
\f@nch@offset@olh=\skip84
\f@nch@offset@orh=\skip85
\f@nch@offset@elf=\skip86
\f@nch@offset@erf=\skip87
\f@nch@offset@olf=\skip88
\f@nch@offset@orf=\skip89
\f@nch@height=\skip90
\f@nch@footalignment=\skip91
\f@nch@widthL=\skip92
\f@nch@widthC=\skip93
\f@nch@widthR=\skip94
\@temptokenb=\toks35
)
(C:\Users\dubi7233\AppData\Local\Programs\MiKTeX\tex/latex/titlesec\titlesec.st
y
Package: titlesec 2025/01/04 v2.17 Sectioning titles
\ttl@box=\box67
\beforetitleunit=\skip95
\aftertitleunit=\skip96
\ttl@plus=\dimen189
\ttl@minus=\dimen190
\ttl@toksa=\toks36
\titlewidth=\dimen191
\titlewidthlast=\dimen192
\titlewidthfirst=\dimen193
)
(C:\Users\dubi7233\AppData\Local\Programs\MiKTeX\tex/latex/ragged2e\ragged2e.st
y
Package: ragged2e 2023/06/22 v3.6 ragged2e Package
\CenteringLeftskip=\skip97
\RaggedLeftLeftskip=\skip98
\RaggedRightLeftskip=\skip99
\CenteringRightskip=\skip100
\RaggedLeftRightskip=\skip101
\RaggedRightRightskip=\skip102
\CenteringParfillskip=\skip103
\RaggedLeftParfillskip=\skip104
\RaggedRightParfillskip=\skip105
\JustifyingParfillskip=\skip106
\CenteringParindent=\skip107
\RaggedLeftParindent=\skip108
\RaggedRightParindent=\skip109
\JustifyingParindent=\skip110
) (C:\Users\dubi7233\AppData\Local\Programs\MiKTeX\tex/latex/xpatch\xpatch.sty
Package: xpatch 2020/03/25 v0.3a Extending etoolbox patching commands
))
(C:\Users\dubi7233\AppData\Local\Programs\MiKTeX\tex/latex/fontawesome\fontawes
ome.sty
Package: fontawesome 2016/05/15 v4.6.3.1 font awesome icons

(C:\Users\dubi7233\AppData\Local\Programs\MiKTeX\tex/generic/iftex\ifxetex.sty
Package: ifxetex 2019/10/25 v0.7 ifxetex legacy package. Use iftex instead.
)
(C:\Users\dubi7233\AppData\Local\Programs\MiKTeX\tex/generic/iftex\ifluatex.sty
Package: ifluatex 2019/10/25 v1.5 ifluatex legacy package. Use iftex instead.
)
(C:\Users\dubi7233\AppData\Local\Programs\MiKTeX\tex/latex/fontawesome\fontawes
omesymbols-generic.tex)
(C:\Users\dubi7233\AppData\Local\Programs\MiKTeX\tex/latex/fontawesome\fontawes
omesymbols-pdftex.tex))
(C:\Users\dubi7233\AppData\Local\Programs\MiKTeX\tex/latex/simpleicons\simpleic
ons.sty
Package: simpleicons 2025/03/28 14.11.1 Simple Icons 14.11.1 Logos

(C:\Users\dubi7233\AppData\Local\Programs\MiKTeX\tex/latex/simpleicons\simpleic
onsglyphs-pdftex.tex))

Package biblatex Warning: Load 'inputenc' before biblatex.

Package csquotes Info: Checking for multilingual support...
Package csquotes Info: ... found 'babel' package.
Package csquotes Info: Adjusting default style.
Package csquotes Info: Redefining alias 'default' -> 'english'.
(Ubilava-CV.aux)
\openout1 = `Ubilava-CV.aux'.

LaTeX Font Info:    Checking defaults for OML/cmm/m/it on input line 17.
LaTeX Font Info:    ... okay on input line 17.
LaTeX Font Info:    Checking defaults for OMS/cmsy/m/n on input line 17.
LaTeX Font Info:    ... okay on input line 17.
LaTeX Font Info:    Checking defaults for OT1/cmr/m/n on input line 17.
LaTeX Font Info:    ... okay on input line 17.
LaTeX Font Info:    Checking defaults for T1/cmr/m/n on input line 17.
LaTeX Font Info:    ... okay on input line 17.
LaTeX Font Info:    Checking defaults for TS1/cmr/m/n on input line 17.
LaTeX Font Info:    ... okay on input line 17.
LaTeX Font Info:    Checking defaults for OMX/cmex/m/n on input line 17.
LaTeX Font Info:    ... okay on input line 17.
LaTeX Font Info:    Checking defaults for U/cmr/m/n on input line 17.
LaTeX Font Info:    ... okay on input line 17.
LaTeX Font Info:    Checking defaults for PD1/pdf/m/n on input line 17.
LaTeX Font Info:    ... okay on input line 17.
LaTeX Font Info:    Checking defaults for PU/pdf/m/n on input line 17.
LaTeX Font Info:    ... okay on input line 17.
Package biblatex Info: Trying to load language 'english'...
Package biblatex Info: ... file 'english.lbx' found.

(C:\Users\dubi7233\AppData\Local\Programs\MiKTeX\tex/latex/biblatex/lbx\english
.lbx
File: english.lbx 2024/03/21 v3.20 biblatex localization (PK/MW)
)
Package biblatex Info: Input encoding 'utf8' detected.
Package biblatex Info: Automatic encoding selection.
(biblatex)             Assuming data encoding 'utf8'.
\openout3 = `Ubilava-CV.bcf'.

Package biblatex Info: Trying to load bibliographic data...
Package biblatex Info: ... file 'Ubilava-CV.bbl' found.
 (Ubilava-CV.bbl)
Package biblatex Info: Reference section=0 on input line 17.
Package biblatex Info: Reference segment=0 on input line 17.

(C:\Users\dubi7233\AppData\Local\Programs\MiKTeX\tex/context/base/mkii\supp-pdf
.mkii
[Loading MPS to PDF converter (version 2006.09.02).]
\scratchcounter=\count483
\scratchdimen=\dimen194
\scratchbox=\box68
\nofMPsegments=\count484
\nofMParguments=\count485
\everyMPshowfont=\toks37
\MPscratchCnt=\count486
\MPscratchDim=\dimen195
\MPnumerator=\count487
\makeMPintoPDFobject=\count488
\everyMPtoPDFconversion=\toks38
)
(C:\Users\dubi7233\AppData\Local\Programs\MiKTeX\tex/latex/epstopdf-pkg\epstopd
f-base.sty
Package: epstopdf-base 2020-01-24 v2.11 Base part for package epstopdf
Package epstopdf-base Info: Redefining graphics rule for `.eps' on input line 4
85.

(C:\Users\dubi7233\AppData\Local\Programs\MiKTeX\tex/latex/00miktex\epstopdf-sy
s.cfg
File: epstopdf-sys.cfg 2021/03/18 v2.0 Configuration of epstopdf for MiKTeX
))
LaTeX Info: Redefining \microtypecontext on input line 17.
Package microtype Info: Applying patch `item' on input line 17.
Package microtype Info: Applying patch `toc' on input line 17.
Package microtype Info: Applying patch `eqnum' on input line 17.
Package microtype Info: Applying patch `footnote' on input line 17.
Package microtype Info: Applying patch `verbatim' on input line 17.
LaTeX Info: Redefining \microtypesetup on input line 17.
Package microtype Info: Generating PDF output.
Package microtype Info: Character protrusion enabled (level 2).
Package microtype Info: Using default protrusion set `alltext'.
Package microtype Info: Automatic font expansion enabled (level 2),
(microtype)             stretch: 20, shrink: 20, step: 1, non-selected.
Package microtype Info: Using default expansion set `alltext-nott'.
LaTeX Info: Redefining \showhyphens on input line 17.
Package microtype Info: No adjustment of tracking.
Package microtype Info: No adjustment of interword spacing.
Package microtype Info: No adjustment of character kerning.

(C:\Users\dubi7233\AppData\Local\Programs\MiKTeX\tex/latex/microtype\mt-cmr.cfg
File: mt-cmr.cfg 2013/05/19 v2.2 microtype config. file: Computer Modern Roman 
(RS)
)
(C:\Users\dubi7233\AppData\Local\Programs\MiKTeX\tex/latex/translations/dicts\t
ranslations-basic-dictionary-english.trsl
File: translations-basic-dictionary-english.trsl (english translation file `tra
nslations-basic-dictionary')
)
Package translations Info: loading dictionary `translations-basic-dictionary' f
or `english'. on input line 17.

*geometry* driver: auto-detecting
*geometry* detected driver: pdftex
*geometry* verbose mode - [ preamble ] result:
* driver: pdftex
* paper: letterpaper
* layout: <same size as paper>
* layoutoffset:(h,v)=(0.0pt,0.0pt)
* modes: 
* h-part:(L,W,R)=(108.405pt, 451.6875pt, 54.2025pt)
* v-part:(T,H,B)=(72.26999pt, 650.43001pt, 72.26999pt)
* \paperwidth=614.295pt
* \paperheight=794.96999pt
* \textwidth=451.6875pt
* \textheight=650.43001pt
* \oddsidemargin=36.13501pt
* \evensidemargin=36.13501pt
* \topmargin=-37.0pt
* \headheight=12.0pt
* \headsep=25.0pt
* \topskip=10.0pt
* \footskip=30.0pt
* \marginparwidth=65.0pt
* \marginparsep=-2.0pt
* \columnsep=10.0pt
* \skip\footins=9.0pt plus 4.0pt minus 2.0pt
* \hoffset=0.0pt
* \voffset=0.0pt
* \mag=1000
* \@twocolumnfalse
* \@twosidefalse
* \@mparswitchfalse
* \@reversemargintrue
* (1in=72.27pt=25.4mm, 1cm=28.453pt)

Package hyperref Info: Link coloring ON on input line 17.
(Ubilava-CV.out) (Ubilava-CV.out)
\@outlinefile=\write5
\openout5 = `Ubilava-CV.out'.

LaTeX Font Info:    Trying to load font information for U+fontawesomeone on inp
ut line 22.

(C:\Users\dubi7233\AppData\Local\Programs\MiKTeX\tex/latex/fontawesome\ufontawe
someone.fd
File: ufontawesomeone.fd 2016/05/22 Font definitions for U/fontawesomeone.
)

LaTeX Font Warning: Font shape `U/fontawesomeone/bx/n' undefined
(Font)              using `U/fontawesomeone/m/n' instead on input line 22.

LaTeX Font Info:    Trying to load font information for U+fontawesometwo on inp
ut line 27.

(C:\Users\dubi7233\AppData\Local\Programs\MiKTeX\tex/latex/fontawesome\ufontawe
sometwo.fd
File: ufontawesometwo.fd 2016/05/22 Font definitions for U/fontawesometwo.
)
LaTeX Font Info:    Trying to load font information for U+fontawesomethree on i
nput line 31.

(C:\Users\dubi7233\AppData\Local\Programs\MiKTeX\tex/latex/fontawesome\ufontawe
somethree.fd
File: ufontawesomethree.fd 2016/05/22 Font definitions for U/fontawesomethree.
)
Package marginnote Info: Margin note 1.1 is on absolute page 1 on input line 52
.
Package marginnote Info: right page because not two side mode on input line 52.

Package marginnote Info: xpos seems to be 108.405pt on input line 52.
Package marginnote Info: Margin note 1.2 is on absolute page 1 on input line 57
.
Package marginnote Info: right page because not two side mode on input line 57.

Package marginnote Info: xpos seems to be 108.405pt on input line 57.
Package marginnote Info: Margin note 1.3 is on absolute page 1 on input line 58
.
Package marginnote Info: right page because not two side mode on input line 58.

Package marginnote Info: xpos seems to be 108.405pt on input line 58.
Package marginnote Info: Margin note 1.4 is on absolute page 1 on input line 59
.
Package marginnote Info: right page because not two side mode on input line 59.

Package marginnote Info: xpos seems to be 108.405pt on input line 59.
Package marginnote Info: Margin note 1.5 is on absolute page 1 on input line 60
.
Package marginnote Info: right page because not two side mode on input line 60.

Package marginnote Info: xpos seems to be 108.405pt on input line 60.
Package marginnote Info: Margin note 1.6 is on absolute page 1 on input line 61
.
Package marginnote Info: right page because not two side mode on input line 61.

Package marginnote Info: xpos seems to be 108.405pt on input line 61.
Package marginnote Info: Margin note 1.7 is on absolute page 1 on input line 66
.
Package marginnote Info: right page because not two side mode on input line 66.

Package marginnote Info: xpos seems to be 108.405pt on input line 66.
Package marginnote Info: Margin note 1.8 is on absolute page 1 on input line 67
.
Package marginnote Info: right page because not two side mode on input line 67.

Package marginnote Info: xpos seems to be 108.405pt on input line 67.
Package marginnote Info: Margin note 1.9 is on absolute page 1 on input line 68
.
Package marginnote Info: right page because not two side mode on input line 68.

Package marginnote Info: xpos seems to be 108.405pt on input line 68.
Package marginnote Info: Margin note 1.10 is on absolute page 1 on input line 7
3.
Package marginnote Info: right page because not two side mode on input line 73.

Package marginnote Info: xpos seems to be 108.405pt on input line 73.
Package marginnote Info: Margin note 1.11 is on absolute page 1 on input line 7
4.
Package marginnote Info: right page because not two side mode on input line 74.

Package marginnote Info: xpos seems to be 108.405pt on input line 74.
Package marginnote Info: Margin note 1.12 is on absolute page 1 on input line 7
5.
Package marginnote Info: right page because not two side mode on input line 75.

Package marginnote Info: xpos seems to be 108.405pt on input line 75.
Package marginnote Info: Margin note 1.13 is on absolute page 1 on input line 8
6.
Package marginnote Info: right page because not two side mode on input line 86.

Package marginnote Info: xpos seems to be 108.405pt on input line 86.
Package marginnote Info: Margin note 1.14 is on absolute page 1 on input line 8
7.
Package marginnote Info: right page because not two side mode on input line 87.

Package marginnote Info: xpos seems to be 108.405pt on input line 87.
Package marginnote Info: Margin note 1.15 is on absolute page 1 on input line 8
8.
Package marginnote Info: right page because not two side mode on input line 88.

Package marginnote Info: xpos seems to be 108.405pt on input line 88.
\blx@maxsegment@1=\count489
\blx@sectionciteorder@1=\count490
Package biblatex Info: Reference section=1 on input line 99.
Package biblatex Info: Setting label 'refsection:1' on input line 99.
LaTeX Font Info:    Trying to load font information for OT1+lmtt on input line 
101.

(C:\Users\dubi7233\AppData\Local\Programs\MiKTeX\tex/latex/lm\ot1lmtt.fd
File: ot1lmtt.fd 2015/05/01 v1.6.1 Font defs for Latin Modern
)
Package microtype Info: Loading generic protrusion settings for font family
(microtype)             `lmtt' (encoding: OT1).
(microtype)             For optimal results, create family-specific settings.
(microtype)             See the microtype manual for details.
LaTeX Font Info:    Trying to load font information for OML+lmm on input line 1
01.

(C:\Users\dubi7233\AppData\Local\Programs\MiKTeX\tex/latex/lm\omllmm.fd
File: omllmm.fd 2015/05/01 v1.6.1 Font defs for Latin Modern
)
LaTeX Font Info:    Trying to load font information for OMS+lmsy on input line 
101.

(C:\Users\dubi7233\AppData\Local\Programs\MiKTeX\tex/latex/lm\omslmsy.fd
File: omslmsy.fd 2015/05/01 v1.6.1 Font defs for Latin Modern
)
LaTeX Font Info:    Trying to load font information for OMX+lmex on input line 
101.

(C:\Users\dubi7233\AppData\Local\Programs\MiKTeX\tex/latex/lm\omxlmex.fd
File: omxlmex.fd 2015/05/01 v1.6.1 Font defs for Latin Modern
)
LaTeX Font Info:    External font `lmex10' loaded for size
(Font)              <9> on input line 101.
LaTeX Font Info:    External font `lmex10' loaded for size
(Font)              <6> on input line 101.
LaTeX Font Info:    External font `lmex10' loaded for size
(Font)              <5> on input line 101.


[1

{C:/Users/dubi7233/AppData/Local/MiKTeX/fonts/map/pdftex/pdftex.map}{C:/Users/d
ubi7233/AppData/Local/Programs/MiKTeX/fonts/enc/dvips/lm/lm-rm.enc}{C:/Users/du
bi7233/AppData/Local/Programs/MiKTeX/fonts/enc/dvips/fontawesome/fontawesomeone
.enc}{C:/Users/dubi7233/AppData/Local/Programs/MiKTeX/fonts/enc/dvips/fontaweso
me/fontawesometwo.enc}{C:/Users/dubi7233/AppData/Local/Programs/MiKTeX/fonts/en
c/dvips/fontawesome/fontawesomethree.enc}{C:/Users/dubi7233/AppData/Local/Progr
ams/MiKTeX/fonts/enc/dvips/lm/lm-rmsc.enc}{C:/Users/dubi7233/AppData/Local/Prog
rams/MiKTeX/fonts/enc/dvips/lm/lm-rmtt.enc}]
Overfull \hbox (0.15443pt too wide) in paragraph at lines 101--101
\OT1/lmr/m/n/9 (+2) Violence in Africa. \OT1/lmr/m/it/9 (+2) American Journal o
f Agricultural Economics \OT1/lmr/m/n/9 (+2) 105(5), 1309{1332. [][]$\OT1/lmtt/
m/n/9 https : / / doi . org / 10 . 1111 / 
 []


Overfull \hbox (0.19978pt too wide) in paragraph at lines 101--101
[][]\OT1/lmr/m/n/9 (+5) Tack, J. B. and D. Ubilava (2015). Climate and Agricult
ural Risk: Measuring the Effect of ENSO on U.S. Crop 
 []


Overfull \hbox (0.20215pt too wide) in paragraph at lines 101--101
[][]\OT1/lmr/m/n/9 (+18) Ubilava, D. (2012). El Ni~no, La Ni~na, and World Coff
ee Price Dynamics. \OT1/lmr/m/it/9 (+18) Agricultural Economics \OT1/lmr/m/n/9 
(+18) 43(1), 17{26. 
 []



[2]
Overfull \hbox (0.21155pt too wide) in paragraph at lines 101--101
[][]\OT1/lmr/m/n/9 (+12) Ubilava, D., K. A. Foster, J. L. Lusk, and T. Nilsson 
(2011). Differences in Consumer Preferences when Facing 
 []


Overfull \hbox (2.23299pt too wide) in paragraph at lines 101--101
[][]\OT1/lmr/m/n/9 (-20) Ubilava, D., K. A. Fos-ter, J. L. Lusk, and T. Nils-so
n (2010). Ef-fects of In-come and So-cial Aware-ness on Con-sumer 
 []


Overfull \hbox (0.16583pt too wide) in paragraph at lines 101--101
\OT1/lmr/m/n/9 (+10) WTP for So-cial Prod-uct At-tributes. \OT1/lmr/m/it/9 (+10
) Tech-no-log-i-cal Fore-cast-ing and So-cial Change \OT1/lmr/m/n/9 (+10) 77(4)
, 587{593. [][]$\OT1/lmtt/m/n/9 https : / / doi . 
 []

Package biblatex Info: Reference section=0 on input line 102.
\blx@maxsegment@2=\count491
\blx@sectionciteorder@2=\count492
Package biblatex Info: Reference section=2 on input line 105.
Package biblatex Info: Setting label 'refsection:2' on input line 105.

Overfull \hbox (6.0919pt too wide) in paragraph at lines 107--107
[][]\OT1/lmr/m/n/9 (-20) Richards, T. J., M. Polyviou, and D. Ubilava (in prepa
-ra-tion). \OT1/lmr/m/it/9 (-20) Mar-ket Con-cen-tra-tion and Re-silience in Ag
ri-cul-tural 
 []


Overfull \hbox (0.1297pt too wide) in paragraph at lines 107--107
[][]\OT1/lmr/m/n/9 (+18) Amarasinghe, A., D. Ubilava, and J. Vidal-Robert (in p
reparation). \OT1/lmr/m/it/9 (+18) Missions Misaligned: Colonial Legacies of 
 []

Package biblatex Info: Reference section=0 on input line 108.
Package marginnote Info: Margin note 3.1 is on absolute page 3 on input line 11
3.
Package marginnote Info: right page because not two side mode on input line 113
.
Package marginnote Info: xpos seems to be 108.405pt on input line 113.
LaTeX Font Info:    Trying to load font information for TS1+lmr on input line 1
13.
(C:\Users\dubi7233\AppData\Local\Programs\MiKTeX\tex/latex/lm\ts1lmr.fd
File: ts1lmr.fd 2015/05/01 v1.6.1 Font defs for Latin Modern
)
Package marginnote Info: Margin note 3.2 is on absolute page 3 on input line 11
7.
Package marginnote Info: right page because not two side mode on input line 117
.
Package marginnote Info: xpos seems to be 108.405pt on input line 117.
Package marginnote Info: Margin note 3.3 is on absolute page 3 on input line 11
8.
Package marginnote Info: right page because not two side mode on input line 118
.
Package marginnote Info: xpos seems to be 108.405pt on input line 118.
Package marginnote Info: Margin note 3.4 is on absolute page 3 on input line 11
9.
Package marginnote Info: right page because not two side mode on input line 119
.
Package marginnote Info: xpos seems to be 108.405pt on input line 119.
Package marginnote Info: Margin note 3.5 is on absolute page 3 on input line 12
0.
Package marginnote Info: right page because not two side mode on input line 120
.
Package marginnote Info: xpos seems to be 108.405pt on input line 120.

Overfull \hbox (0.42151pt too wide) in paragraph at lines 127--128
[]\OT1/lmr/m/n/10 (-20) ``[][]Why In-dia's ex-port ban and the loom-ing El Ni~n
o spell big trou-ble for global rice stocks[][],'' \OT1/lmr/m/it/10 (-20) The T
ele-graph\OT1/lmr/m/n/10 (-20) , 
 []



[3{C:/Users/dubi7233/AppData/Local/Programs/MiKTeX/fonts/enc/dvips/lm/lm-ts1.en
c}]
Overfull \hbox (0.13914pt too wide) in paragraph at lines 136--137
[]\OT1/lmr/m/n/10 (+6) ``[][]Higher cereal prices can fuel political violence l
inked with a harvest season in the croplands of Africa[][],'' 
 []

Package marginnote Info: Margin note 4.1 is on absolute page 4 on input line 14
5.
Package marginnote Info: right page because not two side mode on input line 145
.
Package marginnote Info: xpos seems to be 108.405pt on input line 145.

Overfull \hbox (0.12204pt too wide) in paragraph at lines 145--146
[]|[]\OT1/lmr/m/n/10 (+3) AARES 2025 Annual Meeting (Brisbane AUS); Inaugural C
onference of the Australasian Development 
 []

Package marginnote Info: Margin note 4.2 is on absolute page 4 on input line 14
6.
Package marginnote Info: right page because not two side mode on input line 146
.
Package marginnote Info: xpos seems to be 108.405pt on input line 146.
Package marginnote Info: Margin note 4.3 is on absolute page 4 on input line 14
7.
Package marginnote Info: right page because not two side mode on input line 147
.
Package marginnote Info: xpos seems to be 108.405pt on input line 147.
Package marginnote Info: Margin note 4.4 is on absolute page 4 on input line 14
8.
Package marginnote Info: right page because not two side mode on input line 148
.
Package marginnote Info: xpos seems to be 108.405pt on input line 148.
Package marginnote Info: Margin note 4.5 is on absolute page 4 on input line 14
9.
Package marginnote Info: right page because not two side mode on input line 149
.
Package marginnote Info: xpos seems to be 108.405pt on input line 149.

Overfull \hbox (9.06442pt too wide) in paragraph at lines 149--150
[]|[]\OT1/lmr/m/n/10 (-20) AAEA 2021 An-nual Meet-ing (*Austin USA); Econo-met-
ric So-ci-ety Aus-tralasian Meet-ing 2021 (*Mel-bourne 
 []

Package marginnote Info: Margin note 4.6 is on absolute page 4 on input line 15
0.
Package marginnote Info: right page because not two side mode on input line 150
.
Package marginnote Info: xpos seems to be 108.405pt on input line 150.
Package marginnote Info: Margin note 4.7 is on absolute page 4 on input line 15
1.
Package marginnote Info: right page because not two side mode on input line 151
.
Package marginnote Info: xpos seems to be 108.405pt on input line 151.
Package marginnote Info: Margin note 4.8 is on absolute page 4 on input line 15
2.
Package marginnote Info: right page because not two side mode on input line 152
.
Package marginnote Info: xpos seems to be 108.405pt on input line 152.
Package marginnote Info: Margin note 4.9 is on absolute page 4 on input line 15
3.
Package marginnote Info: right page because not two side mode on input line 153
.
Package marginnote Info: xpos seems to be 108.405pt on input line 153.
Package marginnote Info: Margin note 4.10 is on absolute page 4 on input line 1
54.
Package marginnote Info: right page because not two side mode on input line 154
.
Package marginnote Info: xpos seems to be 108.405pt on input line 154.
Package marginnote Info: Margin note 4.11 is on absolute page 4 on input line 1
55.
Package marginnote Info: right page because not two side mode on input line 155
.
Package marginnote Info: xpos seems to be 108.405pt on input line 155.
Package marginnote Info: Margin note 4.12 is on absolute page 4 on input line 1
56.
Package marginnote Info: right page because not two side mode on input line 156
.
Package marginnote Info: xpos seems to be 108.405pt on input line 156.

Overfull \hbox (7.5182pt too wide) in paragraph at lines 156--157
\OT1/lmr/m/n/10 (-20) AAEA 2014 An-nual Meet-ing (Min-neapo-lis USA); IAMO 2014
 Fo-rum (Haale GER); IIF 2014 In-ter-na-tional 
 []

Package marginnote Info: Margin note 4.13 is on absolute page 5 on input line 1
57.
Package marginnote Info: right page because not two side mode on input line 157
.
Package marginnote Info: xpos seems to be 108.405pt on input line 157.


[4]
Package marginnote Info: Margin note 5.1 is on absolute page 5 on input line 15
8.
Package marginnote Info: right page because not two side mode on input line 158
.
Package marginnote Info: xpos seems to be 108.405pt on input line 158.
Package marginnote Info: Margin note 5.2 is on absolute page 5 on input line 16
7.
Package marginnote Info: right page because not two side mode on input line 167
.
Package marginnote Info: xpos seems to be 108.405pt on input line 167.
Package marginnote Info: Margin note 5.3 is on absolute page 5 on input line 16
8.
Package marginnote Info: right page because not two side mode on input line 168
.
Package marginnote Info: xpos seems to be 108.405pt on input line 168.

Overfull \hbox (0.17549pt too wide) in paragraph at lines 172--173
\OT1/lmr/m/n/10 (+5) Agribusiness Marketing (2013-2014); Commodity Market and P
rice Analysis (2015-2017); Econometric 
 []

Package marginnote Info: Margin note 5.4 is on absolute page 5 on input line 17
6.
Package marginnote Info: right page because not two side mode on input line 176
.
Package marginnote Info: xpos seems to be 108.405pt on input line 176.
Package marginnote Info: Margin note 5.5 is on absolute page 5 on input line 17
7.
Package marginnote Info: right page because not two side mode on input line 177
.
Package marginnote Info: xpos seems to be 108.405pt on input line 177.
Package marginnote Info: Margin note 5.6 is on absolute page 5 on input line 18
3.
Package marginnote Info: right page because not two side mode on input line 183
.
Package marginnote Info: xpos seems to be 108.405pt on input line 183.
Package marginnote Info: Margin note 5.7 is on absolute page 5 on input line 18
4.
Package marginnote Info: right page because not two side mode on input line 184
.
Package marginnote Info: xpos seems to be 108.405pt on input line 184.
Package marginnote Info: Margin note 5.8 is on absolute page 5 on input line 18
5.
Package marginnote Info: right page because not two side mode on input line 185
.
Package marginnote Info: xpos seems to be 108.405pt on input line 185.
Package marginnote Info: Margin note 5.9 is on absolute page 5 on input line 18
6.
Package marginnote Info: right page because not two side mode on input line 186
.
Package marginnote Info: xpos seems to be 108.405pt on input line 186.
Package marginnote Info: Margin note 5.10 is on absolute page 5 on input line 1
87.
Package marginnote Info: right page because not two side mode on input line 187
.
Package marginnote Info: xpos seems to be 108.405pt on input line 187.
Package marginnote Info: Margin note 5.11 is on absolute page 5 on input line 1
88.
Package marginnote Info: right page because not two side mode on input line 188
.
Package marginnote Info: xpos seems to be 108.405pt on input line 188.
Package marginnote Info: Margin note 5.12 is on absolute page 5 on input line 1
95.
Package marginnote Info: right page because not two side mode on input line 195
.
Package marginnote Info: xpos seems to be 108.405pt on input line 195.
Package marginnote Info: Margin note 5.13 is on absolute page 5 on input line 1
96.
Package marginnote Info: right page because not two side mode on input line 196
.
Package marginnote Info: xpos seems to be 108.405pt on input line 196.
Package marginnote Info: Margin note 5.14 is on absolute page 5 on input line 1
97.
Package marginnote Info: right page because not two side mode on input line 197
.
Package marginnote Info: xpos seems to be 108.405pt on input line 197.
Package marginnote Info: Margin note 5.15 is on absolute page 5 on input line 2
05.
Package marginnote Info: right page because not two side mode on input line 205
.
Package marginnote Info: xpos seems to be 108.405pt on input line 205.
Package marginnote Info: Margin note 5.16 is on absolute page 5 on input line 2
06.
Package marginnote Info: right page because not two side mode on input line 206
.
Package marginnote Info: xpos seems to be 108.405pt on input line 206.
Package marginnote Info: Margin note 5.17 is on absolute page 5 on input line 2
07.
Package marginnote Info: right page because not two side mode on input line 207
.
Package marginnote Info: xpos seems to be 108.405pt on input line 207.

Overfull \hbox (0.3186pt too wide) in paragraph at lines 215--216
\OT1/lmr/m/n/10 (-20) Eco-nomics; Ap-plied Eco-nomics Per-spec-tives and Pol-ic
y; Aus-tralian Jour-nal of Agri-cul-tural and Re-source 
 []


Overfull \hbox (0.20108pt too wide) in paragraph at lines 215--216
\OT1/lmr/m/n/10 Pro-ceed-ings of the Na-tional Academy of Sci-ences; Scot-tish 
Jour-nal of Po-lit-i-cal Econ-omy; Tech-no-log-i-cal 
 []



[5]
Package marginnote Info: Margin note 6.1 is on absolute page 6 on input line 22
0.
Package marginnote Info: right page because not two side mode on input line 220
.
Package marginnote Info: xpos seems to be 108.405pt on input line 220.
Package marginnote Info: Margin note 6.2 is on absolute page 6 on input line 22
1.
Package marginnote Info: right page because not two side mode on input line 221
.
Package marginnote Info: xpos seems to be 108.405pt on input line 221.
Package marginnote Info: Margin note 6.3 is on absolute page 6 on input line 22
2.
Package marginnote Info: right page because not two side mode on input line 222
.
Package marginnote Info: xpos seems to be 108.405pt on input line 222.
Package marginnote Info: Margin note 6.4 is on absolute page 6 on input line 22
3.
Package marginnote Info: right page because not two side mode on input line 223
.
Package marginnote Info: xpos seems to be 108.405pt on input line 223.
Package marginnote Info: Margin note 6.5 is on absolute page 6 on input line 22
4.
Package marginnote Info: right page because not two side mode on input line 224
.
Package marginnote Info: xpos seems to be 108.405pt on input line 224.
Package marginnote Info: Margin note 6.6 is on absolute page 6 on input line 22
5.
Package marginnote Info: right page because not two side mode on input line 225
.
Package marginnote Info: xpos seems to be 108.405pt on input line 225.
Package marginnote Info: Margin note 6.7 is on absolute page 6 on input line 22
6.
Package marginnote Info: right page because not two side mode on input line 226
.
Package marginnote Info: xpos seems to be 108.405pt on input line 226.
Package marginnote Info: Margin note 6.8 is on absolute page 6 on input line 23
2.
Package marginnote Info: right page because not two side mode on input line 232
.
Package marginnote Info: xpos seems to be 108.405pt on input line 232.
Package marginnote Info: Margin note 6.9 is on absolute page 6 on input line 23
3.
Package marginnote Info: right page because not two side mode on input line 233
.
Package marginnote Info: xpos seems to be 108.405pt on input line 233.


[6] 
enddocument/afterlastpage (AED): lastpage setting LastPage.
(Ubilava-CV.aux)
 ***********
LaTeX2e <2024-11-01> patch level 2
L3 programming layer <2020/03/25>
 ***********


LaTeX Font Warning: Some font shapes were not available, defaults substituted.

Package rerunfilecheck Info: File `Ubilava-CV.out' has not changed.
(rerunfilecheck)             Checksum: D41D8CD98F00B204E9800998ECF8427E;0.
Package logreq Info: Writing requests to 'Ubilava-CV.run.xml'.
\openout1 = `Ubilava-CV.run.xml'.

 ) 
Here is how much of TeX's memory you used:
 34412 strings out of 473522
 689334 string characters out of 5713157
 1481105 words of memory out of 5000000
 57093 multiletter control sequences out of 15000+600000
 609946 words of font info for 125 fonts, out of 8000000 for 9000
 1141 hyphenation exceptions out of 8191
 87i,11n,95p,1185b,2258s stack positions out of 10000i,1000n,20000p,200000b,200000s
<C:/Users/dubi7233/AppData/Local/Programs/MiKTeX/fonts/type1/public/fontaweso
me/FontAwesome.pfb><C:/Users/dubi7233/AppData/Local/Programs/MiKTeX/fonts/type1
/public/lm/lmbx10.pfb><C:/Users/dubi7233/AppData/Local/Programs/MiKTeX/fonts/ty
pe1/public/lm/lmbx12.pfb><C:/Users/dubi7233/AppData/Local/Programs/MiKTeX/fonts
/type1/public/lm/lmcsc10.pfb><C:/Users/dubi7233/AppData/Local/Programs/MiKTeX/f
onts/type1/public/lm/lmr10.pfb><C:/Users/dubi7233/AppData/Local/Programs/MiKTeX
/fonts/type1/public/lm/lmr9.pfb><C:/Users/dubi7233/AppData/Local/Programs/MiKTe
X/fonts/type1/public/lm/lmri10.pfb><C:/Users/dubi7233/AppData/Local/Programs/Mi
KTeX/fonts/type1/public/lm/lmri9.pfb><C:/Users/dubi7233/AppData/Local/Programs/
MiKTeX/fonts/type1/public/lm/lmro10.pfb><C:/Users/dubi7233/AppData/Local/Progra
ms/MiKTeX/fonts/type1/public/lm/lmtt9.pfb>
Output written on Ubilava-CV.pdf (6 pages, 317901 bytes).
PDF statistics:
 192 PDF objects out of 1000 (max. 8388607)
 35 named destinations out of 1000 (max. 500000)
 29185 words of extra memory for PDF output out of 29859 (max. 10000000)

